INFO [2025-05-03 00:00:00][108:c.b.c.g.j.GradeExportLogTransferScheduler     ] : File copied to Content folder: x-bbgs-consulting-central-grade-export.2025-05-03-ip-10-148-208-255.eu-central-1.compute.internal.log
INFO [2025-05-03 00:10:00][108:c.b.c.g.j.GradeExportLogTransferScheduler     ] : File copied to Content folder: x-bbgs-consulting-central-grade-export.2025-05-02-ip-10-148-208-255.eu-central-1.compute.internal.log.zip
INFO [2025-05-03 00:10:00][162:c.b.c.g.j.GradeExportLogTransferScheduler     ] : File deleted successfully: x-bbgs-consulting-central-grade-export.2025-05-02-ip-10-148-208-255.eu-central-1.compute.internal.log.zip
INFO [2025-05-03 01:00:07][108:c.b.c.g.j.GradeExportLogTransferScheduler     ] : File copied to Content folder: x-bbgs-consulting-central-grade-export.2025-05-03-ip-10-148-208-255.eu-central-1.compute.internal.log
INFO [2025-05-03 02:00:09][108:c.b.c.g.j.GradeExportLogTransferScheduler     ] : File copied to Content folder: x-bbgs-consulting-central-grade-export.2025-05-03-ip-10-148-208-255.eu-central-1.compute.internal.log
INFO [2025-05-03 03:00:07][108:c.b.c.g.j.GradeExportLogTransferScheduler     ] : File copied to Content folder: x-bbgs-consulting-central-grade-export.2025-05-03-ip-10-148-208-255.eu-central-1.compute.internal.log
INFO [2025-05-03 04:00:08][108:c.b.c.g.j.GradeExportLogTransferScheduler     ] : File copied to Content folder: x-bbgs-consulting-central-grade-export.2025-05-03-ip-10-148-208-255.eu-central-1.compute.internal.log
INFO [2025-05-03 05:00:08][108:c.b.c.g.j.GradeExportLogTransferScheduler     ] : File copied to Content folder: x-bbgs-consulting-central-grade-export.2025-05-03-ip-10-148-208-255.eu-central-1.compute.internal.log
INFO [2025-05-03 06:00:10][108:c.b.c.g.j.GradeExportLogTransferScheduler     ] : File copied to Content folder: x-bbgs-consulting-central-grade-export.2025-05-03-ip-10-148-208-255.eu-central-1.compute.internal.log
INFO [2025-05-03 07:00:06][108:c.b.c.g.j.GradeExportLogTransferScheduler     ] : File copied to Content folder: x-bbgs-consulting-central-grade-export.2025-05-03-ip-10-148-208-255.eu-central-1.compute.internal.log
INFO [2025-05-03 08:00:10][108:c.b.c.g.j.GradeExportLogTransferScheduler     ] : File copied to Content folder: x-bbgs-consulting-central-grade-export.2025-05-03-ip-10-148-208-255.eu-central-1.compute.internal.log
INFO [2025-05-03 09:00:11][108:c.b.c.g.j.GradeExportLogTransferScheduler     ] : File copied to Content folder: x-bbgs-consulting-central-grade-export.2025-05-03-ip-10-148-208-255.eu-central-1.compute.internal.log
INFO [2025-05-03 10:00:09][108:c.b.c.g.j.GradeExportLogTransferScheduler     ] : File copied to Content folder: x-bbgs-consulting-central-grade-export.2025-05-03-ip-10-148-208-255.eu-central-1.compute.internal.log
INFO [2025-05-03 11:00:10][108:c.b.c.g.j.GradeExportLogTransferScheduler     ] : File copied to Content folder: x-bbgs-consulting-central-grade-export.2025-05-03-ip-10-148-208-255.eu-central-1.compute.internal.log
INFO [2025-05-03 12:00:06][108:c.b.c.g.j.GradeExportLogTransferScheduler     ] : File copied to Content folder: x-bbgs-consulting-central-grade-export.2025-05-03-ip-10-148-208-255.eu-central-1.compute.internal.log
INFO [2025-05-03 13:00:03][108:c.b.c.g.j.GradeExportLogTransferScheduler     ] : File copied to Content folder: x-bbgs-consulting-central-grade-export.2025-05-03-ip-10-148-208-255.eu-central-1.compute.internal.log
INFO [2025-05-03 13:30:00][37:c.b.c.gradejourney.job.AssignmentJob           ] : == Entering execute() of assignment Job CronGJAssignment.CronGJAssignmentJob == 
INFO [2025-05-03 13:30:09][195:c.b.c.g.s.impl.FileProcessorServiceImpl       ] : Working file already there so skipping processing: non_calculated_columns.colnc
INFO [2025-05-03 13:30:09][39:c.b.c.gradejourney.job.AssignmentJob           ] : ..Provision process finished!
INFO [2025-05-03 14:00:09][108:c.b.c.g.j.GradeExportLogTransferScheduler     ] : File copied to Content folder: x-bbgs-consulting-central-grade-export.2025-05-03-ip-10-148-208-255.eu-central-1.compute.internal.log
INFO [2025-05-03 15:00:06][108:c.b.c.g.j.GradeExportLogTransferScheduler     ] : File copied to Content folder: x-bbgs-consulting-central-grade-export.2025-05-03-ip-10-148-208-255.eu-central-1.compute.internal.log
INFO [2025-05-03 16:00:06][108:c.b.c.g.j.GradeExportLogTransferScheduler     ] : File copied to Content folder: x-bbgs-consulting-central-grade-export.2025-05-03-ip-10-148-208-255.eu-central-1.compute.internal.log
INFO [2025-05-03 17:00:09][108:c.b.c.g.j.GradeExportLogTransferScheduler     ] : File copied to Content folder: x-bbgs-consulting-central-grade-export.2025-05-03-ip-10-148-208-255.eu-central-1.compute.internal.log
INFO [2025-05-03 18:00:09][108:c.b.c.g.j.GradeExportLogTransferScheduler     ] : File copied to Content folder: x-bbgs-consulting-central-grade-export.2025-05-03-ip-10-148-208-255.eu-central-1.compute.internal.log
INFO [2025-05-03 19:00:07][108:c.b.c.g.j.GradeExportLogTransferScheduler     ] : File copied to Content folder: x-bbgs-consulting-central-grade-export.2025-05-03-ip-10-148-208-255.eu-central-1.compute.internal.log
INFO [2025-05-03 20:00:06][108:c.b.c.g.j.GradeExportLogTransferScheduler     ] : File copied to Content folder: x-bbgs-consulting-central-grade-export.2025-05-03-ip-10-148-208-255.eu-central-1.compute.internal.log
INFO [2025-05-03 21:00:01][108:c.b.c.g.j.GradeExportLogTransferScheduler     ] : File copied to Content folder: x-bbgs-consulting-central-grade-export.2025-05-03-ip-10-148-208-255.eu-central-1.compute.internal.log
INFO [2025-05-03 22:00:08][108:c.b.c.g.j.GradeExportLogTransferScheduler     ] : File copied to Content folder: x-bbgs-consulting-central-grade-export.2025-05-03-ip-10-148-208-255.eu-central-1.compute.internal.log
INFO [2025-05-03 23:00:09][108:c.b.c.g.j.GradeExportLogTransferScheduler     ] : File copied to Content folder: x-bbgs-consulting-central-grade-export.2025-05-03-ip-10-148-208-255.eu-central-1.compute.internal.log
